Using pre-set license
Built from '2020.3/staging' branch; Version is '2020.3.23f1 (c5d91304a876) revision 12966163'; Using compiler version '192528614'; Build Type 'Release'
OS: 'Windows 10 Pro; OS build 18363.476; Version 1909; 64bit' Language: 'ru' Physical Memory: 7103 MB
BatchMode: 1, IsHumanControllingUs: 0, StartBugReporterOnCrash: 0, Is64bit: 1, IsPro: 0

COMMAND LINE ARGUMENTS:
C:\Program Files\Unity\Hub\Editor\2020.3.23f1\Editor\Unity.exe
-adb2
-batchMode
-noUpm
-name
AssetImportWorker0
-projectPath
C:/Users/PUSHKA/Documents/GitHub/Tower Defence In One Script
-logFile
Logs/AssetImportWorker0.log
-srvPort
49927
Successfully changed project path to: C:/Users/PUSHKA/Documents/GitHub/Tower Defence In One Script
C:/Users/PUSHKA/Documents/GitHub/Tower Defence In One Script
Using Asset Import Pipeline V2.
Refreshing native plugins compatible for Editor in 57.42 ms, found 2 plugins.
Preloading 0 native plugins for Editor in 0.00 ms.
Initialize engine version: 2020.3.23f1 (c5d91304a876)
[Subsystems] Discovering subsystems at path C:/Program Files/Unity/Hub/Editor/2020.3.23f1/Editor/Data/Resources/UnitySubsystems
[Subsystems] Discovering subsystems at path C:/Users/PUSHKA/Documents/GitHub/Tower Defence In One Script/Assets
GfxDevice: creating device client; threaded=0
Direct3D:
    Version:  Direct3D 11.0 [level 11.1]
    Renderer: AMD Radeon(TM) Vega 8 Graphics (ID=0x15d8)
    Vendor:   
    VRAM:     3551 MB
    Driver:   27.20.1034.6
Initialize mono
Mono path[0] = 'C:/Program Files/Unity/Hub/Editor/2020.3.23f1/Editor/Data/Managed'
Mono path[1] = 'C:/Program Files/Unity/Hub/Editor/2020.3.23f1/Editor/Data/MonoBleedingEdge/lib/mono/unityjit'
Mono config path = 'C:/Program Files/Unity/Hub/Editor/2020.3.23f1/Editor/Data/MonoBleedingEdge/etc'
Using monoOptions --debugger-agent=transport=dt_socket,embedding=1,server=y,suspend=n,address=127.0.0.1:56484
Begin MonoManager ReloadAssembly
Registering precompiled unity dll's ...
Register platform support module: C:/Program Files/Unity/Hub/Editor/2020.3.23f1/Editor/Data/PlaybackEngines/WindowsStandaloneSupport/UnityEditor.WindowsStandalone.Extensions.dll
Registered in 0.001841 seconds.
Native extension for WindowsStandalone target not found
Refreshing native plugins compatible for Editor in 45.52 ms, found 2 plugins.
Preloading 0 native plugins for Editor in 0.00 ms.
Mono: successfully reloaded assembly
- Completed reload, in  0.749 seconds
Domain Reload Profiling:
	ReloadAssembly (749ms)
		BeginReloadAssembly (69ms)
			ExecutionOrderSort (0ms)
			DisableScriptedObjects (0ms)
			BackupInstance (0ms)
			ReleaseScriptingObjects (0ms)
			CreateAndSetChildDomain (1ms)
		EndReloadAssembly (572ms)
			LoadAssemblies (66ms)
			RebuildTransferFunctionScriptingTraits (0ms)
			SetupTypeCache (197ms)
			ReleaseScriptCaches (0ms)
			RebuildScriptCaches (35ms)
			SetupLoadedEditorAssemblies (219ms)
				LogAssemblyErrors (0ms)
				InitializePlatformSupportModulesInManaged (5ms)
				SetLoadedEditorAssemblies (0ms)
				RefreshPlugins (46ms)
				BeforeProcessingInitializeOnLoad (25ms)
				ProcessInitializeOnLoadAttributes (107ms)
				ProcessInitializeOnLoadMethodAttributes (35ms)
				AfterProcessingInitializeOnLoad (0ms)
				EditorAssembliesLoaded (0ms)
			ExecutionOrderSort2 (0ms)
			AwakeInstancesAfterBackupRestoration (0ms)
Platform modules already initialized, skipping
Registering precompiled user dll's ...
Registered in 0.003794 seconds.
Begin MonoManager ReloadAssembly
Native extension for WindowsStandalone target not found
Refreshing native plugins compatible for Editor in 0.46 ms, found 2 plugins.
Preloading 0 native plugins for Editor in 0.00 ms.
Mono: successfully reloaded assembly
- Completed reload, in  1.212 seconds
Domain Reload Profiling:
	ReloadAssembly (1213ms)
		BeginReloadAssembly (170ms)
			ExecutionOrderSort (0ms)
			DisableScriptedObjects (6ms)
			BackupInstance (0ms)
			ReleaseScriptingObjects (0ms)
			CreateAndSetChildDomain (24ms)
		EndReloadAssembly (971ms)
			LoadAssemblies (95ms)
			RebuildTransferFunctionScriptingTraits (0ms)
			SetupTypeCache (344ms)
			ReleaseScriptCaches (1ms)
			RebuildScriptCaches (47ms)
			SetupLoadedEditorAssemblies (363ms)
				LogAssemblyErrors (0ms)
				InitializePlatformSupportModulesInManaged (7ms)
				SetLoadedEditorAssemblies (1ms)
				RefreshPlugins (1ms)
				BeforeProcessingInitializeOnLoad (102ms)
				ProcessInitializeOnLoadAttributes (237ms)
				ProcessInitializeOnLoadMethodAttributes (12ms)
				AfterProcessingInitializeOnLoad (5ms)
				EditorAssembliesLoaded (0ms)
			ExecutionOrderSort2 (0ms)
			AwakeInstancesAfterBackupRestoration (7ms)
Platform modules already initialized, skipping
========================================================================
Worker process is ready to serve import requests
Launched and connected shader compiler UnityShaderCompiler.exe after 0.05 seconds
Refreshing native plugins compatible for Editor in 0.41 ms, found 2 plugins.
Preloading 0 native plugins for Editor in 0.00 ms.
Unloading 1515 Unused Serialized files (Serialized files now loaded: 0)
System memory in use before: 72.0 MB.
System memory in use after: 72.1 MB.

Unloading 19 unused Assets to reduce memory usage. Loaded Objects now: 1953.
Total: 3.506100 ms (FindLiveObjects: 0.246500 ms CreateObjectMapping: 0.070500 ms MarkObjects: 3.086300 ms  DeleteObjects: 0.101500 ms)

AssetImportParameters requested are different than current active one (requested -> active):
  custom:framework-win-MediaFoundation: 216162199b28c13a410421893ffa2e32 -> 
  custom:video-decoder-ogg-theora: a1e56fd34408186e4bbccfd4996cb3dc -> 
  custom:container-muxer-webm: aa71ff27fc2769a1b78a27578f13a17b -> 
  custom:container-demuxer-webm: 4f35f7cbe854078d1ac9338744f61a02 -> 
  custom:container-demuxer-ogg: 62fdf1f143b41e24485cea50d1cbac27 -> 
  custom:video-encoder-webm-vp8: eb34c28f22e8b96e1ab97ce403110664 -> 
  custom:video-decoder-webm-vp8: 9c59270c3fd7afecdb556c50c9e8de78 -> 
  custom:audio-decoder-ogg-vorbis: bf7c407c2cedff20999df2af8eb42d56 -> 
  custom:audio-encoder-webm-vorbis: bf7c407c2cedff20999df2af8eb42d56 -> 
========================================================================
Received Import Request.
  path: Assets/Materials/WhitePixel.png
  artifactKey: Guid(e60a93a6224c2cf40868e11bfc0bd426) Importer(815301076,1909f56bfc062723c751e8b465ee728b)
Start importing Assets/Materials/WhitePixel.png using Guid(e60a93a6224c2cf40868e11bfc0bd426) Importer(815301076,1909f56bfc062723c751e8b465ee728b)  -> (artifact id: '7d089db63d89b187512cd60b6b7b4baf') in 0.092922 seconds 
  Import took 0.096666 seconds .

========================================================================
Received Import Request.
  Time since last request: 11.351626 seconds.
  path: Assets/Materials/WhitePixel.png
  artifactKey: Guid(e60a93a6224c2cf40868e11bfc0bd426) Importer(815301076,1909f56bfc062723c751e8b465ee728b)
Start importing Assets/Materials/WhitePixel.png using Guid(e60a93a6224c2cf40868e11bfc0bd426) Importer(815301076,1909f56bfc062723c751e8b465ee728b)  -> (artifact id: '29c39f62093388f172b1c0bcd1f687c0') in 0.055547 seconds 
  Import took 0.060024 seconds .

========================================================================
Received Import Request.
  Time since last request: 10.441877 seconds.
  path: Assets/Prefabs/Mob.prefab
  artifactKey: Guid(b9c94ca7018c149488b19635628a515f) Importer(815301076,1909f56bfc062723c751e8b465ee728b)
Start importing Assets/Prefabs/Mob.prefab using Guid(b9c94ca7018c149488b19635628a515f) Importer(815301076,1909f56bfc062723c751e8b465ee728b)  -> (artifact id: '9ee8ddb4b0b28c4f735c233441dee2d6') in 0.068268 seconds 
  Import took 0.072297 seconds .

========================================================================
Received Import Request.
  Time since last request: 5.790750 seconds.
  path: Assets/Prefabs/Mob 2.prefab
  artifactKey: Guid(d0a5ca0a7ecd10b40858b78734fdecd7) Importer(815301076,1909f56bfc062723c751e8b465ee728b)
Start importing Assets/Prefabs/Mob 2.prefab using Guid(d0a5ca0a7ecd10b40858b78734fdecd7) Importer(815301076,1909f56bfc062723c751e8b465ee728b)  -> (artifact id: 'b06c9a1686edf14fc1284ffa0ca40524') in 0.019043 seconds 
  Import took 0.023210 seconds .

========================================================================
Received Import Request.
  Time since last request: 7.535535 seconds.
  path: Assets/Prefabs/Mob 1.prefab
  artifactKey: Guid(d73692a831d82fd4ab7b70a15c89468c) Importer(815301076,1909f56bfc062723c751e8b465ee728b)
Start importing Assets/Prefabs/Mob 1.prefab using Guid(d73692a831d82fd4ab7b70a15c89468c) Importer(815301076,1909f56bfc062723c751e8b465ee728b)  -> (artifact id: '56a9b8ea3734235724ccc895dd3a82b2') in 0.018621 seconds 
  Import took 0.023106 seconds .

========================================================================
Received Import Request.
  Time since last request: 4.658451 seconds.
  path: Assets/Prefabs/Unit 1.prefab
  artifactKey: Guid(45aeb6d55014c6c4c88a22d8f1b93b2c) Importer(815301076,1909f56bfc062723c751e8b465ee728b)
Start importing Assets/Prefabs/Unit 1.prefab using Guid(45aeb6d55014c6c4c88a22d8f1b93b2c) Importer(815301076,1909f56bfc062723c751e8b465ee728b)  -> (artifact id: '87bdc5e144743462d19ca027c8d952c0') in 0.013643 seconds 
  Import took 0.017678 seconds .

========================================================================
Received Import Request.
  Time since last request: 4.492498 seconds.
  path: Assets/Prefabs/Unit 2.prefab
  artifactKey: Guid(984e25c749611e545913588ea0ca1529) Importer(815301076,1909f56bfc062723c751e8b465ee728b)
Start importing Assets/Prefabs/Unit 2.prefab using Guid(984e25c749611e545913588ea0ca1529) Importer(815301076,1909f56bfc062723c751e8b465ee728b)  -> (artifact id: '55bc202f929670c26c97dfc5b4b53bc0') in 0.019064 seconds 
  Import took 0.023049 seconds .

========================================================================
Received Import Request.
  Time since last request: 11.126272 seconds.
  path: Assets/Prefabs/Unit.prefab
  artifactKey: Guid(955b33489ab5cd64590509115bdb838f) Importer(815301076,1909f56bfc062723c751e8b465ee728b)
Start importing Assets/Prefabs/Unit.prefab using Guid(955b33489ab5cd64590509115bdb838f) Importer(815301076,1909f56bfc062723c751e8b465ee728b)  -> (artifact id: 'a2ae1e8520dbe41955ceefc9a7f302cd') in 0.018252 seconds 
  Import took 0.023075 seconds .

========================================================================
Received Prepare
Registering precompiled user dll's ...
Registered in 0.014778 seconds.
Begin MonoManager ReloadAssembly
Native extension for WindowsStandalone target not found
Refreshing native plugins compatible for Editor in 0.42 ms, found 2 plugins.
Preloading 0 native plugins for Editor in 0.00 ms.
Mono: successfully reloaded assembly
- Completed reload, in  1.339 seconds
Domain Reload Profiling:
	ReloadAssembly (1340ms)
		BeginReloadAssembly (130ms)
			ExecutionOrderSort (0ms)
			DisableScriptedObjects (7ms)
			BackupInstance (0ms)
			ReleaseScriptingObjects (0ms)
			CreateAndSetChildDomain (45ms)
		EndReloadAssembly (1122ms)
			LoadAssemblies (135ms)
			RebuildTransferFunctionScriptingTraits (0ms)
			SetupTypeCache (395ms)
			ReleaseScriptCaches (1ms)
			RebuildScriptCaches (58ms)
			SetupLoadedEditorAssemblies (386ms)
				LogAssemblyErrors (0ms)
				InitializePlatformSupportModulesInManaged (6ms)
				SetLoadedEditorAssemblies (1ms)
				RefreshPlugins (0ms)
				BeforeProcessingInitializeOnLoad (105ms)
				ProcessInitializeOnLoadAttributes (254ms)
				ProcessInitializeOnLoadMethodAttributes (14ms)
				AfterProcessingInitializeOnLoad (5ms)
				EditorAssembliesLoaded (0ms)
			ExecutionOrderSort2 (0ms)
			AwakeInstancesAfterBackupRestoration (9ms)
Platform modules already initialized, skipping
Refreshing native plugins compatible for Editor in 0.39 ms, found 2 plugins.
Preloading 0 native plugins for Editor in 0.00 ms.
Unloading 1495 Unused Serialized files (Serialized files now loaded: 0)
System memory in use before: 73.7 MB.
System memory in use after: 73.8 MB.

Unloading 15 unused Assets to reduce memory usage. Loaded Objects now: 1969.
Total: 3.193700 ms (FindLiveObjects: 0.217400 ms CreateObjectMapping: 0.053200 ms MarkObjects: 2.891100 ms  DeleteObjects: 0.030200 ms)

AssetImportParameters requested are different than current active one (requested -> active):
  custom:framework-win-MediaFoundation: 216162199b28c13a410421893ffa2e32 -> 
  custom:video-decoder-ogg-theora: a1e56fd34408186e4bbccfd4996cb3dc -> 
  custom:container-muxer-webm: aa71ff27fc2769a1b78a27578f13a17b -> 
  custom:container-demuxer-webm: 4f35f7cbe854078d1ac9338744f61a02 -> 
  custom:container-demuxer-ogg: 62fdf1f143b41e24485cea50d1cbac27 -> 
  custom:video-encoder-webm-vp8: eb34c28f22e8b96e1ab97ce403110664 -> 
  custom:video-decoder-webm-vp8: 9c59270c3fd7afecdb556c50c9e8de78 -> 
  custom:audio-decoder-ogg-vorbis: bf7c407c2cedff20999df2af8eb42d56 -> 
  custom:audio-encoder-webm-vorbis: bf7c407c2cedff20999df2af8eb42d56 -> 
AssetImportWorkerClient::OnTransportError - code=2 error=End of file
